<?xml version="1.0" encoding="UTF-8"?>
<!-- Generated by org.testng.reporters.JUnitReportReporter -->
<testsuite skipped="1" hostname="DESKTOP-R5U0RRK" name="com.mystore.testcases.TC_AccountPageTest" tests="2" failures="0" timestamp="12 Aug 2022 15:45:01 GMT" time="12.244" errors="0">
  <testcase name="verifylogin" time="12.244" classname="com.mystore.testcases.TC_AccountPageTest"/>
  <testcase name="verifyRegistrationAndLogin" classname="com.mystore.testcases.TC_AccountPageTest">
    <skipped/>
  </testcase> <!-- verifyRegistrationAndLogin -->
</testsuite> <!-- com.mystore.testcases.TC_AccountPageTest -->
