<?xml version="1.0" encoding="UTF-8"?>
<!-- Generated by org.testng.reporters.JUnitReportReporter -->
<testsuite skipped="1" hostname="DESKTOP-R5U0RRK" name="com.mystore.testcases.TC_AccountPageTestDatadrivenTesting" tests="3" failures="0" timestamp="13 Aug 2022 04:36:27 GMT" time="28.588" errors="0">
  <testcase name="verifylogin" time="11.640" classname="com.mystore.testcases.TC_AccountPageTestDatadrivenTesting"/>
  <testcase name="verifylogin" time="16.948" classname="com.mystore.testcases.TC_AccountPageTestDatadrivenTesting"/>
  <testcase name="verifyRegistrationAndLogin" classname="com.mystore.testcases.TC_AccountPageTestDatadrivenTesting">
    <skipped/>
  </testcase> <!-- verifyRegistrationAndLogin -->
</testsuite> <!-- com.mystore.testcases.TC_AccountPageTestDatadrivenTesting -->
