<?xml version="1.0" encoding="UTF-8"?>
<!-- Generated by org.testng.reporters.JUnitReportReporter -->
<testsuite skipped="1" hostname="DESKTOP-R5U0RRK" name="com.mystore.testcases.TC_ProductPageTest" tests="2" failures="0" timestamp="13 Aug 2022 07:40:17 GMT" time="69.467" errors="0">
  <testcase name="VerifyBuyProduct" time="69.467" classname="com.mystore.testcases.TC_ProductPageTest"/>
  <testcase name="VerifySearchProduct" classname="com.mystore.testcases.TC_ProductPageTest">
    <skipped/>
  </testcase> <!-- VerifySearchProduct -->
</testsuite> <!-- com.mystore.testcases.TC_ProductPageTest -->
