<?xml version="1.0" encoding="UTF-8"?>
<!-- Generated by org.testng.reporters.JUnitReportReporter -->
<testsuite skipped="1" hostname="DESKTOP-R5U0RRK" name="com.mystore.testcases.TC_ProductPageTest" tests="2" failures="0" timestamp="2022-08-17T11:40:47 IST" time="87.756" errors="0">
  <testcase name="VerifyBuyProduct" time="87.756" classname="com.mystore.testcases.TC_ProductPageTest"/>
  <system-out/>
  <testcase name="VerifySearchProduct" classname="com.mystore.testcases.TC_ProductPageTest">
    <skipped/>
  </testcase> <!-- VerifySearchProduct -->
  <system-out/>
</testsuite> <!-- com.mystore.testcases.TC_ProductPageTest -->
